<?xml version="1.0" encoding="UTF-8"?>
<testng-results ignored="0" total="1" passed="1" failed="0" skipped="0">
  <reporter-output>
  </reporter-output>
  <suite started-at="2023-09-20T20:33:14 IST" name="Default suite" finished-at="2023-09-20T20:33:34 IST" duration-ms="20023">
    <groups>
    </groups>
    <test started-at="2023-09-20T20:33:14 IST" name="Default test" finished-at="2023-09-20T20:33:34 IST" duration-ms="20023">
      <class name="Driver.LogintestP">
        <test-method signature="myloginp()[pri:0, instance:Driver.LogintestP@3a6bb9bf]" started-at="2023-09-20T20:33:14 IST" name="myloginp" finished-at="2023-09-20T20:33:34 IST" duration-ms="19958" status="PASS">
          <reporter-output>
          </reporter-output>
        </test-method> <!-- myloginp -->
      </class> <!-- Driver.LogintestP -->
    </test> <!-- Default test -->
  </suite> <!-- Default suite -->
</testng-results>
