<?xml version="1.0" encoding="UTF-8"?>
<!-- Generated by org.testng.reporters.JUnitXMLReporter -->
<testsuite ignored="1" hostname="LAPTOP-2O0EF0F7" failures="0" tests="8" name="Default test" time="58.315" errors="0" timestamp="2023-09-09T11:57:32 IST">
  <testcase classname="Testcases.HomepageTestCases" name="draggableItems" time="3.508"/>
  <testcase classname="Testcases.HomepageTestCases" name="SliderSearchBox" time="0.162"/>
  <testcase classname="Testcases.HomepageTestCases" name="TotalLinks" time="0.062"/>
  <testcase classname="Testcases.HomepageTestCases" name="AccordianClick" time="1.546"/>
  <testcase classname="Testcases.HomepageTestCases" name="ClickOnThemes" time="3.559"/>
  <testcase classname="Testcases.HomepageTestCases" name="AutoCompletetext" time="0.259"/>
  <testcase classname="Testcases.HomepageTestCases" name="RadioInsuranceButton" time="0.128"/>
  <testcase classname="Testcases.HomepageTestCases" name="JqueryUIiconClick" time="24.523"/>
  <testcase classname="Testcases.HomepageTestCases" name="DragBox" time="0.0">
    <ignored/>
  </testcase> <!-- DragBox -->
</testsuite> <!-- Default test -->
