<?xml version="1.0" encoding="UTF-8"?>
<!-- Generated by org.testng.reporters.JUnitXMLReporter -->
<testsuite ignored="1" hostname="LAPTOP-2O0EF0F7" failures="0" tests="6" name="Default test" time="21.442" errors="0" timestamp="2023-09-08T17:02:59 IST">
  <testcase classname="Testcases.HomepageTestCases" name="draggableItems" time="1.083"/>
  <testcase classname="Testcases.HomepageTestCases" name="SliderSearchBox" time="0.194"/>
  <testcase classname="Testcases.HomepageTestCases" name="TotalLinks" time="0.052"/>
  <testcase classname="Testcases.HomepageTestCases" name="AccordianClick" time="2.74"/>
  <testcase classname="Testcases.HomepageTestCases" name="ClickOnThemes" time="4.298"/>
  <testcase classname="Testcases.HomepageTestCases" name="AutoCompletetext" time="0.21"/>
  <testcase classname="Testcases.HomepageTestCases" name="DragBox" time="0.0">
    <ignored/>
  </testcase> <!-- DragBox -->
</testsuite> <!-- Default test -->
